[    0.000000] Initializing cgroup subsys cpuset
[    0.000000] Initializing cgroup subsys cpu
[    0.000000] Initializing cgroup subsys cpuacct
[    0.000000] Linux version 4.4.0-131-generic (buildd@lgw01-amd64-015) (gcc version 5.4.0 20160609 (Ubuntu 5.4.0-6ubuntu1~16.04.10) ) #157-Ubuntu SMP Thu Jul 12 15:51:36 UTC 2018 (Ubuntu 4.4.0-131.157-generic 4.4.134)
[    0.000000] Command line: BOOT_IMAGE=/boot/vmlinuz-4.4.0-131-generic root=LABEL=cloudimg-rootfs ro console=tty1 console=ttyS0
[    0.000000] KERNEL supported cpus:
[    0.000000]   Intel GenuineIntel
[    0.000000]   AMD AuthenticAMD
[    0.000000]   Centaur CentaurHauls
[    0.000000] x86/fpu: xstate_offset[2]:  576, xstate_sizes[2]:  256
[    0.000000] x86/fpu: Supporting XSAVE feature 0x01: 'x87 floating point registers'
[    0.000000] x86/fpu: Supporting XSAVE feature 0x02: 'SSE registers'
[    0.000000] x86/fpu: Supporting XSAVE feature 0x04: 'AVX registers'
[    0.000000] x86/fpu: Enabled xstate features 0x7, context size is 832 bytes, using 'standard' format.
[    0.000000] x86/fpu: Using 'eager' FPU context switches.
[    0.000000] e820: BIOS-provided physical RAM map:
[    0.000000] BIOS-e820: [mem 0x0000000000000000-0x000000000009fbff] usable
[    0.000000] BIOS-e820: [mem 0x000000000009fc00-0x000000000009ffff] reserved
[    0.000000] BIOS-e820: [mem 0x00000000000f0000-0x00000000000fffff] reserved
[    0.000000] BIOS-e820: [mem 0x0000000000100000-0x000000007ffeffff] usable
[    0.000000] BIOS-e820: [mem 0x000000007fff0000-0x000000007fffffff] ACPI data
[    0.000000] BIOS-e820: [mem 0x00000000fec00000-0x00000000fec00fff] reserved
[    0.000000] BIOS-e820: [mem 0x00000000fee00000-0x00000000fee00fff] reserved
[    0.000000] BIOS-e820: [mem 0x00000000fffc0000-0x00000000ffffffff] reserved
[    0.000000] NX (Execute Disable) protection: active
[    0.000000] SMBIOS 2.5 present.
[    0.000000] Hypervisor detected: KVM
[    0.000000] e820: last_pfn = 0x7fff0 max_arch_pfn = 0x400000000
[    0.000000] MTRR: Disabled
[    0.000000] x86/PAT: MTRRs disabled, skipping PAT initialization too.
[    0.000000] CPU MTRRs all blank - virtualized system.
[    0.000000] x86/PAT: Configuration [0-7]: WB  WT  UC- UC  WB  WT  UC- UC  
[    0.000000] found SMP MP-table at [mem 0x0009fff0-0x0009ffff] mapped at [ffff88000009fff0]
[    0.000000] Scanning 1 areas for low memory corruption
[    0.000000] RAMDISK: [mem 0x3630c000-0x3717dfff]
[    0.000000] ACPI: Early table checksum verification disabled
[    0.000000] ACPI: RSDP 0x00000000000E0000 000024 (v02 VBOX  )
[    0.000000] ACPI: XSDT 0x000000007FFF0030 00003C (v01 VBOX   VBOXXSDT 00000001 ASL  00000061)
[    0.000000] ACPI: FACP 0x000000007FFF00F0 0000F4 (v04 VBOX   VBOXFACP 00000001 ASL  00000061)
[    0.000000] ACPI: DSDT 0x000000007FFF0470 0021FF (v02 VBOX   VBOXBIOS 00000002 INTL 20100528)
[    0.000000] ACPI: FACS 0x000000007FFF0200 000040
[    0.000000] ACPI: FACS 0x000000007FFF0200 000040
[    0.000000] ACPI: APIC 0x000000007FFF0240 000054 (v02 VBOX   VBOXAPIC 00000001 ASL  00000061)
[    0.000000] ACPI: SSDT 0x000000007FFF02A0 0001CC (v01 VBOX   VBOXCPUT 00000002 INTL 20100528)
[    0.000000] No NUMA configuration found
[    0.000000] Faking a node at [mem 0x0000000000000000-0x000000007ffeffff]
[    0.000000] NODE_DATA(0) allocated [mem 0x7ffeb000-0x7ffeffff]
[    0.000000] kvm-clock: Using msrs 4b564d01 and 4b564d00
[    0.000000] kvm-clock: cpu 0, msr 0:7ffe3001, primary cpu clock
[    0.000000] kvm-clock: using sched offset of 4403884947 cycles
[    0.000000] clocksource: kvm-clock: mask: 0xffffffffffffffff max_cycles: 0x1cd42e4dffb, max_idle_ns: 881590591483 ns
[    0.000000] Zone ranges:
[    0.000000]   DMA      [mem 0x0000000000001000-0x0000000000ffffff]
[    0.000000]   DMA32    [mem 0x0000000001000000-0x000000007ffeffff]
[    0.000000]   Normal   empty
[    0.000000]   Device   empty
[    0.000000] Movable zone start for each node
[    0.000000] Early memory node ranges
[    0.000000]   node   0: [mem 0x0000000000001000-0x000000000009efff]
[    0.000000]   node   0: [mem 0x0000000000100000-0x000000007ffeffff]
[    0.000000] Initmem setup node 0 [mem 0x0000000000001000-0x000000007ffeffff]
[    0.000000] ACPI: PM-Timer IO Port: 0x4008
[    0.000000] IOAPIC[0]: apic_id 1, version 32, address 0xfec00000, GSI 0-23
[    0.000000] ACPI: INT_SRC_OVR (bus 0 bus_irq 0 global_irq 2 dfl dfl)
[    0.000000] ACPI: INT_SRC_OVR (bus 0 bus_irq 9 global_irq 9 low level)
[    0.000000] Using ACPI (MADT) for SMP configuration information
[    0.000000] smpboot: Allowing 1 CPUs, 0 hotplug CPUs
[    0.000000] PM: Registered nosave memory: [mem 0x00000000-0x00000fff]
[    0.000000] PM: Registered nosave memory: [mem 0x0009f000-0x0009ffff]
[    0.000000] PM: Registered nosave memory: [mem 0x000a0000-0x000effff]
[    0.000000] PM: Registered nosave memory: [mem 0x000f0000-0x000fffff]
[    0.000000] e820: [mem 0x80000000-0xfebfffff] available for PCI devices
[    0.000000] Booting paravirtualized kernel on KVM
[    0.000000] clocksource: refined-jiffies: mask: 0xffffffff max_cycles: 0xffffffff, max_idle_ns: 7645519600211568 ns
[    0.000000] setup_percpu: NR_CPUS:512 nr_cpumask_bits:512 nr_cpu_ids:1 nr_node_ids:1
[    0.000000] PERCPU: Embedded 34 pages/cpu @ffff88007fc00000 s99544 r8192 d31528 u2097152
[    0.000000] PV qspinlock hash table entries: 256 (order: 0, 4096 bytes)
[    0.000000] Built 1 zonelists in Node order, mobility grouping on.  Total pages: 515960
[    0.000000] Policy zone: DMA32
[    0.000000] Kernel command line: BOOT_IMAGE=/boot/vmlinuz-4.4.0-131-generic root=LABEL=cloudimg-rootfs ro console=tty1 console=ttyS0
[    0.000000] PID hash table entries: 4096 (order: 3, 32768 bytes)
[    0.000000] Memory: 2030052K/2096696K available (8546K kernel code, 1313K rwdata, 4000K rodata, 1516K init, 1316K bss, 66644K reserved, 0K cma-reserved)
[    0.000000] SLUB: HWalign=64, Order=0-3, MinObjects=0, CPUs=1, Nodes=1
[    0.000000] Kernel/User page tables isolation: enabled
[    0.000000] Hierarchical RCU implementation.
[    0.000000] 	Build-time adjustment of leaf fanout to 64.
[    0.000000] 	RCU restricting CPUs from NR_CPUS=512 to nr_cpu_ids=1.
[    0.000000] RCU: Adjusting geometry for rcu_fanout_leaf=64, nr_cpu_ids=1
[    0.000000] NR_IRQS:33024 nr_irqs:256 16
[    0.000000] Console: colour VGA+ 80x25
[    0.000000] console [tty1] enabled
[    0.000000] console [ttyS0] enabled
[    0.000000] tsc: Detected 1895.614 MHz processor
[    0.358074] Calibrating delay loop (skipped) preset value.. 3791.22 BogoMIPS (lpj=7582456)
[    0.360627] pid_max: default: 32768 minimum: 301
[    0.361966] ACPI: Core revision 20150930
[    0.364515] ACPI: 2 ACPI AML tables successfully acquired and loaded
[    0.366541] Security Framework initialized
[    0.367729] Yama: becoming mindful.
[    0.368789] AppArmor: AppArmor initialized
[    0.375433] Dentry cache hash table entries: 262144 (order: 9, 2097152 bytes)
[    0.377731] Inode-cache hash table entries: 131072 (order: 8, 1048576 bytes)
[    0.386260] Mount-cache hash table entries: 4096 (order: 3, 32768 bytes)
[    0.394438] Mountpoint-cache hash table entries: 4096 (order: 3, 32768 bytes)
[    0.396441] Initializing cgroup subsys io
[    0.397674] Initializing cgroup subsys memory
[    0.398937] Initializing cgroup subsys devices
[    0.400200] Initializing cgroup subsys freezer
[    0.401551] Initializing cgroup subsys net_cls
[    0.402789] Initializing cgroup subsys perf_event
[    0.404079] Initializing cgroup subsys net_prio
[    0.405351] Initializing cgroup subsys hugetlb
[    0.406578] Initializing cgroup subsys pids
[    0.407888] CPU: Physical Processor ID: 0
[    0.410239] mce: CPU supports 0 MCE banks
[    0.411410] process: using mwait in idle threads
[    0.412713] Last level iTLB entries: 4KB 1024, 2MB 1024, 4MB 1024
[    0.414359] Last level dTLB entries: 4KB 1024, 2MB 1024, 4MB 1024, 1GB 4
[    0.416041] Spectre V2 : Mitigation: Full generic retpoline
[    0.417587] Spectre V2 : Speculation control IBPB not-supported IBRS not-supported
[    0.419500] Speculative Store Bypass: Vulnerable
[    0.458503] Freeing SMP alternatives memory: 32K
[    0.485846] ftrace: allocating 32245 entries in 126 pages
[    0.570889] smpboot: APIC(0) Converting physical 0 to logical package 0
[    0.572618] smpboot: Max logical packages: 1
[    0.574256] x2apic enabled
[    0.575605] Switched APIC routing to physical x2apic.
[    0.578914] ..TIMER: vector=0x30 apic1=0 pin1=2 apic2=-1 pin2=-1
[    0.685039] smpboot: CPU0: Intel(R) Core(TM) i3-4030U CPU @ 1.90GHz (family: 0x6, model: 0x45, stepping: 0x1)
[    0.742362] Performance Events: unsupported p6 CPU model 69 no PMU driver, software events only.
[    0.793525] KVM setup paravirtual spinlock
[    0.795601] x86: Booted up 1 node, 1 CPUs
[    0.796766] smpboot: Total of 1 processors activated (3791.22 BogoMIPS)
[    0.807802] devtmpfs: initialized
[    0.843327] evm: security.selinux
[    0.874703] evm: security.SMACK64
[    0.892049] evm: security.SMACK64EXEC
[    0.907286] evm: security.SMACK64TRANSMUTE
[    0.908723] evm: security.SMACK64MMAP
[    0.910075] evm: security.ima
[    0.911192] evm: security.capability
[    0.912644] clocksource: jiffies: mask: 0xffffffff max_cycles: 0xffffffff, max_idle_ns: 7645041785100000 ns
[    0.948124] futex hash table entries: 256 (order: 2, 16384 bytes)
[    0.950260] pinctrl core: initialized pinctrl subsystem
[    0.952185] RTC time:  9:14:30, date: 08/13/18
[    0.953885] NET: Registered protocol family 16
[    0.955585] cpuidle: using governor ladder
[    0.986353] cpuidle: using governor menu
[    1.010821] PCCT header not found.
[    1.023395] ACPI: bus type PCI registered
[    1.025104] acpiphp: ACPI Hot Plug PCI Controller Driver version: 0.5
[    1.027442] PCI: Using configuration type 1 for base access
[    1.050402] ACPI: Added _OSI(Module Device)
[    1.051801] ACPI: Added _OSI(Processor Device)
[    1.053376] ACPI: Added _OSI(3.0 _SCP Extensions)
[    1.055018] ACPI: Added _OSI(Processor Aggregator Device)
[    1.057660] ACPI: Executed 1 blocks of module-level executable AML code
[    1.062703] ACPI: Interpreter enabled
[    1.064028] ACPI: (supports S0 S5)
[    1.065239] ACPI: Using IOAPIC for interrupt routing
[    1.067127] PCI: Using host bridge windows from ACPI; if necessary, use "pci=nocrs" and report a bug
[    1.075863] ACPI: PCI Root Bridge [PCI0] (domain 0000 [bus 00-ff])
[    1.087968] acpi PNP0A03:00: _OSC: OS supports [ASPM ClockPM Segments MSI]
[    1.101302] acpi PNP0A03:00: _OSC: not requesting OS control; OS requires [ExtendedConfig ASPM ClockPM MSI]
[    1.110228] acpi PNP0A03:00: fail to add MMCONFIG information, can't access extended PCI configuration space under this bridge.
[    1.117462] PCI host bridge to bus 0000:00
[    1.142580] pci_bus 0000:00: root bus resource [io  0x0000-0x0cf7 window]
[    1.144324] pci_bus 0000:00: root bus resource [io  0x0d00-0xffff window]
[    1.180766] pci_bus 0000:00: root bus resource [mem 0x000a0000-0x000bffff window]
[    1.227941] pci_bus 0000:00: root bus resource [mem 0x80000000-0xfdffffff window]
[    1.234997] pci_bus 0000:00: root bus resource [bus 00-ff]
[    1.238996] pci 0000:00:01.1: legacy IDE quirk: reg 0x10: [io  0x01f0-0x01f7]
[    1.240800] pci 0000:00:01.1: legacy IDE quirk: reg 0x14: [io  0x03f6]
[    1.242476] pci 0000:00:01.1: legacy IDE quirk: reg 0x18: [io  0x0170-0x0177]
[    1.251043] pci 0000:00:01.1: legacy IDE quirk: reg 0x1c: [io  0x0376]
[    1.290827] pci 0000:00:07.0: quirk: [io  0x4000-0x403f] claimed by PIIX4 ACPI
[    1.310271] pci 0000:00:07.0: quirk: [io  0x4100-0x410f] claimed by PIIX4 SMB
[    1.337290] ACPI: PCI Interrupt Link [LNKA] (IRQs 5 9 10 *11)
[    1.340066] ACPI: PCI Interrupt Link [LNKB] (IRQs 5 9 *10 11)
[    1.342881] ACPI: PCI Interrupt Link [LNKC] (IRQs 5 *9 10 11)
[    1.345775] ACPI: PCI Interrupt Link [LNKD] (IRQs 5 9 10 *11)
[    1.348752] ACPI: Enabled 2 GPEs in block 00 to 07
[    1.351226] vgaarb: setting as boot device: PCI:0000:00:02.0
[    1.353148] vgaarb: device added: PCI:0000:00:02.0,decodes=io+mem,owns=io+mem,locks=none
[    1.355988] vgaarb: loaded
[    1.357279] vgaarb: bridge control possible 0000:00:02.0
[    1.359471] SCSI subsystem initialized
[    1.377324] ACPI: bus type USB registered
[    1.378546] usbcore: registered new interface driver usbfs
[    1.380040] usbcore: registered new interface driver hub
[    1.381491] usbcore: registered new device driver usb
[    1.383044] PCI: Using ACPI for IRQ routing
[    1.384726] NetLabel: Initializing
[    1.385815] NetLabel:  domain hash size = 128
[    1.387021] NetLabel:  protocols = UNLABELED CIPSOv4
[    1.388375] NetLabel:  unlabeled traffic allowed by default
[    1.389989] amd_nb: Cannot enumerate AMD northbridges
[    1.391373] clocksource: Switched to clocksource kvm-clock
[    1.410634] AppArmor: AppArmor Filesystem Enabled
[    1.412076] pnp: PnP ACPI init
[    1.414236] pnp: PnP ACPI: found 3 devices
[    1.421606] clocksource: acpi_pm: mask: 0xffffff max_cycles: 0xffffff, max_idle_ns: 2085701024 ns
[    1.424184] NET: Registered protocol family 2
[    1.425645] TCP established hash table entries: 16384 (order: 5, 131072 bytes)
[    1.427762] TCP bind hash table entries: 16384 (order: 6, 262144 bytes)
[    1.434863] TCP: Hash tables configured (established 16384 bind 16384)
[    1.444474] UDP hash table entries: 1024 (order: 3, 32768 bytes)
[    1.446060] UDP-Lite hash table entries: 1024 (order: 3, 32768 bytes)
[    1.447854] NET: Registered protocol family 1
[    1.449356] pci 0000:00:00.0: Limiting direct PCI/PCI transfers
[    1.474728] pci 0000:00:01.0: Activating ISA DMA hang workarounds
[    1.486460] Unpacking initramfs...
[    1.898881] Freeing initrd memory: 14792K
[    1.912084] RAPL PMU detected, API unit is 2^-32 Joules, 4 fixed counters 10737418240 ms ovfl timer
[    1.971189] hw unit of domain pp0-core 2^-0 Joules
[    1.972516] hw unit of domain package 2^-0 Joules
[    1.973811] hw unit of domain dram 2^-0 Joules
[    1.975047] hw unit of domain pp1-gpu 2^-0 Joules
[    2.000975] platform rtc_cmos: registered platform RTC device (no PNP device found)
[    2.044830] Scanning for low memory corruption every 60 seconds
[    2.050015] audit: initializing netlink subsys (disabled)
[    2.051781] audit: type=2000 audit(1534151676.795:1): initialized
[    2.054036] Initialise system trusted keyring
[    2.055387] HugeTLB registered 2 MB page size, pre-allocated 0 pages
[    2.064854] zbud: loaded
[    2.066179] VFS: Disk quotas dquot_6.6.0
[    2.071293] VFS: Dquot-cache hash table entries: 512 (order 0, 4096 bytes)
[    2.081339] squashfs: version 4.0 (2009/01/31) Phillip Lougher
[    2.083162] fuse init (API version 7.23)
[    2.084546] Key type big_key registered
[    2.098655] Allocating IMA MOK and blacklist keyrings.
[    2.118461] Key type asymmetric registered
[    2.147374] Asymmetric key parser 'x509' registered
[    2.177776] Block layer SCSI generic (bsg) driver version 0.4 loaded (major 249)
[    2.225957] io scheduler noop registered
[    2.258866] io scheduler deadline registered (default)
[    2.302067] io scheduler cfq registered
[    2.318884] pci_hotplug: PCI Hot Plug PCI Core version: 0.5
[    2.357150] pciehp: PCI Express Hot Plug Controller Driver version: 0.4
[    2.365167] ACPI: AC Adapter [AC] (on-line)
[    2.366728] input: Power Button as /devices/LNXSYSTM:00/LNXPWRBN:00/input/input0
[    2.369310] ACPI: Power Button [PWRF]
[    2.370694] input: Sleep Button as /devices/LNXSYSTM:00/LNXSLPBN:00/input/input1
[    2.373280] ACPI: Sleep Button [SLPF]
[    2.375670] ACPI: Battery Slot [BAT0] (battery present)
[    2.377588] GHES: HEST is not enabled!
[    2.379118] Serial: 8250/16550 driver, 32 ports, IRQ sharing enabled
[    2.406268] 00:02: ttyS0 at I/O 0x3f8 (irq = 4, base_baud = 115200) is a 16550A
[    2.411317] Linux agpgart interface v0.103
[    2.414728] loop: module loaded
[    2.417101] scsi host0: ata_piix
[    2.418701] scsi host1: ata_piix
[    2.420279] ata1: PATA max UDMA/33 cmd 0x1f0 ctl 0x3f6 bmdma 0xd000 irq 14
[    2.422802] ata2: PATA max UDMA/33 cmd 0x170 ctl 0x376 bmdma 0xd008 irq 15
[    2.427851] libphy: Fixed MDIO Bus: probed
[    2.429344] tun: Universal TUN/TAP device driver, 1.6
[    2.431006] tun: (C) 1999-2004 Max Krasnyansky <maxk@qualcomm.com>
[    2.433308] PPP generic driver version 2.4.2
[    2.434898] ehci_hcd: USB 2.0 'Enhanced' Host Controller (EHCI) Driver
[    2.436980] ehci-pci: EHCI PCI platform driver
[    2.438504] ehci-platform: EHCI generic platform driver
[    2.440689] ohci_hcd: USB 1.1 'Open' Host Controller (OHCI) Driver
[    2.442903] ohci-pci: OHCI PCI platform driver
[    2.444630] ohci-platform: OHCI generic platform driver
[    2.446457] uhci_hcd: USB Universal Host Controller Interface driver
[    2.448584] i8042: PNP: PS/2 Controller [PNP0303:PS2K,PNP0f03:PS2M] at 0x60,0x64 irq 1,12
[    2.452415] serio: i8042 KBD port at 0x60,0x64 irq 1
[    2.454351] serio: i8042 AUX port at 0x60,0x64 irq 12
[    2.456591] mousedev: PS/2 mouse device common for all mice
[    2.461009] input: AT Translated Set 2 keyboard as /devices/platform/i8042/serio0/input/input2
[    2.464296] rtc_cmos rtc_cmos: rtc core: registered rtc_cmos as rtc0
[    2.472746] rtc_cmos rtc_cmos: alarms up to one day, 114 bytes nvram
[    2.474388] i2c /dev entries driver
[    2.475570] device-mapper: uevent: version 1.0.3
[    2.476932] device-mapper: ioctl: 4.34.0-ioctl (2015-10-28) initialised: dm-devel@redhat.com
[    2.479290] ledtrig-cpu: registered to indicate activity on CPUs
[    2.481273] NET: Registered protocol family 10
[    2.482783] NET: Registered protocol family 17
[    2.484125] Key type dns_resolver registered
[    2.485621] registered taskstats version 1
[    2.486871] Loading compiled-in X.509 certificates
[    2.489273] Loaded X.509 cert 'Build time autogenerated kernel key: 8f274abdf49cd12572c1533a34d1eafea768213f'
[    2.491882] zswap: loaded using pool lzo/zbud
[    2.495310] Key type trusted registered
[    2.500408] Key type encrypted registered
[    2.501617] AppArmor: AppArmor sha1 policy hashing enabled
[    2.503107] ima: No TPM chip found, activating TPM-bypass!
[    2.504677] ima: Allocated hash algorithm: sha1
[    2.505957] evm: HMAC attrs: 0x1
[    2.507397]   Magic number: 14:110:222
[    2.508728] rtc_cmos rtc_cmos: setting system clock to 2018-08-13 09:14:31 UTC (1534151671)
[    2.511120] BIOS EDD facility v0.16 2004-Jun-25, 0 devices found
[    2.512708] EDD information not available.
[    2.586962] Freeing unused kernel memory: 1516K
[    2.602692] Write protecting the kernel read-only data: 14336k
[    2.638462] Freeing unused kernel memory: 1680K
[    2.676080] Freeing unused kernel memory: 96K
Loading, please wait...
starting version[    2.709988] random: udevadm: uninitialized urandom read (16 bytes read, 3 bits of entropy available)
 229
[    2.807131] random: systemd-udevd: uninitialized urandom read (16 bytes read, 3 bits of entropy available)
[    2.820712] random: systemd-udevd: uninitialized urandom read (16 bytes read, 3 bits of entropy available)
[    2.823921] random: systemd-udevd: uninitialized urandom read (16 bytes read, 3 bits of entropy available)
[    2.861340] random: systemd-udevd: uninitialized urandom read (16 bytes read, 3 bits of entropy available)
[    2.865136] random: udevadm: uninitialized urandom read (16 bytes read, 3 bits of entropy available)
[    2.888067] random: systemd-udevd: uninitialized urandom read (16 bytes read, 3 bits of entropy available)
[    2.899329] random: udevadm: uninitialized urandom read (16 bytes read, 3 bits of entropy available)
[    2.920538] random: systemd-udevd: uninitialized urandom read (16 bytes read, 3 bits of entropy available)
[    2.923711] random: systemd-udevd: uninitialized urandom read (16 bytes read, 3 bits of entropy available)
[    2.999955] tsc: Refined TSC clocksource calibration: 1894.716 MHz
[    3.026449] clocksource: tsc: mask: 0xffffffffffffffff max_cycles: 0x369f589e65e, max_idle_ns: 881590686439 ns
[    3.080735] e1000: Intel(R) PRO/1000 Network Driver - version 7.3.21-k8-NAPI
[    3.090207] e1000: Copyright (c) 1999-2006 Intel Corporation.
[    3.100300] Fusion MPT base driver 3.04.20
[    3.105230] Copyright (c) 1999-2008 LSI Corporation
[    3.157776] Fusion MPT SPI Host driver 3.04.20
[    3.206517] AVX2 version of gcm_enc/dec engaged.
[    3.213867] AES CTR mode by8 optimization enabled
[    3.322236] input: ImExPS/2 Generic Explorer Mouse as /devices/platform/i8042/serio1/input/input4
[    3.696731] e1000 0000:00:03.0 eth0: (PCI:33MHz:32-bit) 02:54:ad:ea:60:2e
[    3.713421] e1000 0000:00:03.0 eth0: Intel(R) PRO/1000 Network Connection
[    3.734131] mptbase: ioc0: Initiating bringup
[    3.832671] ioc0: LSI53C1030 A0: Capabilities={Initiator}
[    4.036118] scsi host2: ioc0: LSI53C1030 A0, FwRev=00000000h, Ports=1, MaxQ=256, IRQ=20
[    4.223703] scsi 2:0:0:0: Direct-Access     VBOX     HARDDISK         1.0  PQ: 0 ANSI: 5
[    4.239613] scsi target2:0:0: Beginning Domain Validation
[    4.246624] scsi target2:0:0: Domain Validation skipping write tests
[    4.251874] scsi target2:0:0: Ending Domain Validation
[    4.261529] scsi target2:0:0: asynchronous
[    4.346913] scsi 2:0:1:0: Direct-Access     VBOX     HARDDISK         1.0  PQ: 0 ANSI: 5
[    4.450182] scsi target2:0:1: Beginning Domain Validation
[    4.576771] scsi target2:0:1: Domain Validation skipping write tests
[    4.579027] scsi target2:0:1: Ending Domain Validation
[    4.590188] scsi target2:0:1: asynchronous
[    4.718975] sd 2:0:0:0: Attached scsi generic sg0 type 0
[    4.733782] sd 2:0:0:0: [sda] 20971520 512-byte logical blocks: (10.7 GB/10.0 GiB)
[    4.739887] sd 2:0:0:0: [sda] Write Protect is off
[    4.757893] sd 2:0:1:0: [sdb] 20480 512-byte logical blocks: (10.5 MB/10.0 MiB)
[    4.769302] sd 2:0:1:0: Attached scsi generic sg1 type 0
[    4.773249] sd 2:0:0:0: [sda] Incomplete mode parameter data
[    4.819689] sd 2:0:0:0: [sda] Assuming drive cache: write through
[    4.862324] e1000 0000:00:08.0 eth1: (PCI:33MHz:32-bit) 08:00:27:39:90:d3
[    4.864237] e1000 0000:00:08.0 eth1: Intel(R) PRO/1000 Network Connection
[    4.867627] e1000 0000:00:08.0 enp0s8: renamed from eth1
[    4.869409] sd 2:0:1:0: [sdb] Write Protect is off
[    4.887923] e1000 0000:00:03.0 enp0s3: renamed from eth0
[    4.890954] sd 2:0:1:0: [sdb] Incomplete mode parameter data
[    4.892507] sd 2:0:1:0: [sdb] Assuming drive cache: write through
[    4.918562]  sda: sda1
[    4.920397] sd 2:0:0:0: [sda] Attached SCSI disk
[    4.939950] sd 2:0:1:0: [sdb] Attached SCSI disk
Begin: Loading e[    6.493642] md: linear personality registered for level -1
ssential drivers[    6.532578] md: multipath personality registered for level -4
 ... [    6.549213] md: raid0 personality registered for level 0
[    6.556401] md: raid1 personality registered for level 1
[    6.659865] raid6: sse2x1   gen()  5772 MB/s
[    6.767412] raid6: sse2x1   xor()  4452 MB/s
[    6.875856] raid6: sse2x2   gen()  6414 MB/s
[    6.943629] raid6: sse2x2   xor()  4261 MB/s
[    7.011679] raid6: sse2x4   gen()  8382 MB/s
[    7.091551] raid6: sse2x4   xor()  6045 MB/s
[    7.163814] raid6: avx2x1   gen() 11131 MB/s
[    7.263451] raid6: avx2x2   gen() 12821 MB/s
[    7.331791] raid6: avx2x4   gen() 15092 MB/s
[    7.371882] raid6: using algorithm avx2x4 gen() 15092 MB/s
[    7.379870] raid6: using avx2x2 recovery algorithm
[    7.384375] xor: automatically using best checksumming function:
[    7.423562]    avx       : 15061.000 MB/sec
[    7.461526] async_tx: api initialized (async)
[    7.509057] md: raid6 personality registered for level 6
[    7.548931] md: raid5 personality registered for level 5
[    7.550633] md: raid4 personality registered for level 4
[    7.562381] md: raid10 personality registered for level 10
done.
Begin: Running /scripts/init-premount ... done.
Begin: Mounting root file system ... Begin: Running /scripts/local-top ... done.
Begin: Running /scripts/local-premount ... [    7.625654] Btrfs loaded
Scanning for Btrfs filesystems
done.
Warning: fsck not present, so skipping root file system
[    7.752583] EXT4-fs (sda1): mounted filesystem with ordered data mode. Opts: (null)
done.
Begin: Running /scripts/local-bottom ... done.
Begin: Running /scripts/init-bottom ... done.
[    8.368179] systemd[1]: systemd 229 running in system mode. (+PAM +AUDIT +SELINUX +IMA +APPARMOR +SMACK +SYSVINIT +UTMP +LIBCRYPTSETUP +GCRYPT +GNUTLS +ACL +XZ -LZ4 +SECCOMP +BLKID +ELFUTILS +KMOD -IDN)
[    8.476103] systemd[1]: Detected virtualization oracle.
[    8.506201] systemd[1]: Detected architecture x86-64.

Welcome to [1mUbuntu 16.04.5 LTS[0m!

[    8.603813] systemd[1]: Set hostname to <ubuntu>.
[    8.664902] systemd[1]: Initializing machine ID from random generator.
[    8.709332] systemd[1]: Installed transient /etc/machine-id file.
[    8.918148] random: nonblocking pool is initialized
[   10.132762] systemd[1]: Reached target User and Group Name Lookups.
[[0;32m  OK  [0m] Reached target User and Group Name Lookups.
[   10.193097] systemd[1]: Created slice User and Session Slice.
[[0;32m  OK  [0m] Created slice User and Session Slice.
[   10.202140] systemd[1]: Listening on udev Control Socket.
[[0;32m  OK  [0m] Listening on udev Control Socket.
[   10.207390] systemd[1]: Listening on LVM2 metadata daemon socket.
[[0;32m  OK  [0m] Listening on LVM2 metadata daemon socket.
[   10.213148] systemd[1]: Set up automount Arbitrary Executable File Formats File System Automount Point.
[[0;32m  OK  [0m] Set up automount Arbitrary Executab...ats File System Automount Point.
[   10.220972] systemd[1]: Listening on Syslog Socket.
[[0;32m  OK  [0m] Listening on Syslog Socket.
[   10.225850] systemd[1]: Listening on Device-mapper event daemon FIFOs.
[[0;32m  OK  [0m] Listening on Device-mapper event daemon FIFOs.
[   10.240172] systemd[1]: Created slice System Slice.
[[0;32m  OK  [0m] Created slice System Slice.
[   10.244916] systemd[1]: Created slice system-serial\x2dgetty.slice.
[[0;32m  OK  [0m] Created slice system-serial\x2dgetty.slice.
[   10.251598] systemd[1]: Reached target Slices.
[[0;32m  OK  [0m] Reached target Slices.
[   10.256113] systemd[1]: Reached target System Time Synchronized.
[[0;32m  OK  [0m] Reached target System Time Synchronized.
[   10.260981] systemd[1]: Listening on udev Kernel Socket.
[[0;32m  OK  [0m] Listening on udev Kernel Socket.
[   10.265128] systemd[1]: Listening on /dev/initctl Compatibility Named Pipe.
[[0;32m  OK  [0m] Listening on /dev/initctl Compatibility Named Pipe.
[   10.272245] systemd[1]: Started Trigger resolvconf update for networkd DNS.
[[0;32m  OK  [0m] Started Trigger resolvconf update for networkd DNS.
[   10.277337] systemd[1]: Started Forward Password Requests to Wall Directory Watch.
[[0;32m  OK  [0m] Started Forward Password Requests to Wall Directory Watch.
[   10.283522] systemd[1]: Reached target Swap.
[[0;32m  OK  [0m] Reached target Swap.
[   10.288441] systemd[1]: Listening on Journal Audit Socket.
[[0;32m  OK  [0m] Listening on Journal Audit Socket.
[   10.292598] systemd[1]: Reached target Encrypted Volumes.
[[0;32m  OK  [0m] Reached target Encrypted Volumes.
[   10.297525] systemd[1]: Listening on LVM2 poll daemon socket.
[[0;32m  OK  [0m] Listening on LVM2 poll daemon socket.
[   10.301809] systemd[1]: Listening on Journal Socket.
[[0;32m  OK  [0m] Listening on Journal Socket.
[   10.306077] systemd[1]: Starting Nameserver information manager...
         Starting Nameserver information manager...
[   10.313818] systemd[1]: Mounting POSIX Message Queue File System...
         Mounting POSIX Message Queue File System...
[   10.351937] systemd[1]: Starting Load Kernel Modules...
         Starting Load Kernel Modules...
[   10.366962] systemd[1]: Starting Remount Root and Kernel File Systems...
         Starting Remount Root and Kernel File Systems...
[   10.421647] systemd[1]: Mounting Huge Pages File System...
[   10.423534] EXT4-fs (sda1): re-mounted. Opts: (null)
         Mounting Huge Pages File System...
[   10.438586] Loading iSCSI transport class v2.0-870.
[   10.441454] systemd[1]: Mounting Debug File System...
         Mounting Debug File System...
[   10.449394] systemd[1]: Starting Create list of required static device nodes for the current kernel...
         Starting Create list of required st... nodes for the current kernel...
[   10.479037] systemd[1]: Starting Monitoring of LVM2 mirrors, snapshots etc. using dmeventd or progress polling...
         Starting Monitoring of LVM2 mirrors... dmeventd or progress polling...
[   10.496715] systemd[1]: Starting Uncomplicated firewall...
         Starting Uncomplicated firewall...[   10.500400] iscsi: registered transport (tcp)

[   10.504924] systemd[1]: Starting Set console keymap...
         Starting Set console keymap...
[   10.509665] systemd[1]: Listening on Journal Socket (/dev/log).
[[0;32m  OK  [0m] Listening on Journal Socket (/dev/log).
[   10.518839] systemd[1]: Starting Journal Service...
         Starting Journal Service...
[   10.542411] systemd[1]: Mounted Debug File System.
[[0;32m  OK  [0m] Mounted Debug File System.
[   10.595937] systemd[1]: Mounted POSIX Message Queue File System.
[[0;32m  OK  [0m] Mounted POSIX Message Queue File System.
[   10.608028] systemd[1]: Mounted Huge Pages File System.
[[0;32m  OK  [0m] Mounted Huge Pages File System.
[   10.625747] systemd[1]: Started Remount Root and Kernel File Systems.
[[0;32m  OK  [0m] Started Remount Root and Kernel File Systems.
[   10.645785] systemd[1]: Started Create list of required static device nodes for the current kernel.
[[0;32m  OK  [0m] Started Create list of required sta...ce nodes for the current kernel.
[   10.684787] systemd[1]: Started Uncomplicated firewall.
[[0;32m  OK  [0m] Started Uncomplicated firewall.
[   10.768279] systemd[1]: Started Nameserver information manager.
[[0;32m  OK  [0m] Started Nameserver information manager.
[   10.935513] systemd[1]: Starting Create Static Device Nodes in /dev...
         Starting Create Static Device Nodes in /dev...
[   10.988603] systemd[1]: Starting Load/Save Random Seed...
         Starting Load/Save Random Seed...
[   11.028372] iscsi: registered transport (iser)
[   11.070507] systemd[1]: Starting udev Coldplug all Devices...
         Starting udev Coldplug all Devices...
[   11.084240] systemd[1]: Started Load Kernel Modules.
[[0;32m  OK  [0m] Started Load Kernel Modules.
[   11.094588] systemd[1]: Started Set console keymap.
[[0;32m  OK  [0m] Started Set console keymap.
[   11.107437] systemd[1]: Started Load/Save Random Seed.
[[0;32m  OK  [0m] Started Load/Save Random Seed.
[   11.125663] systemd[1]: Started Journal Service.
[[0;32m  OK  [0m] Started Journal Service.
         Starting Flush Journal to Persistent Storage...
[[0;32m  OK  [0m] Started LVM2 metadata daemon.
         Mounting FUSE Control File System...
         Starting Apply Kernel Variables...
[[0;32m  OK  [0m] Mounted FUSE Control File System.
[[0;32m  OK  [0m] Started udev Coldplug all Devices.
[   11.315349] systemd-journald[393]: Received request to flush runtime journal from PID 1
[[0;32m  OK  [0m] Started Flush Journal to Persistent Storage.
[[0;32m  OK  [0m] Started Apply Kernel Variables.
[[0;32m  OK  [0m] Started Create Static Device Nodes in /dev.
         Starting udev Kernel Device Manager...
[[0;32m  OK  [0m] Started Monitoring of LVM2 mirrors,...ng dmeventd or progress polling.
[[0;32m  OK  [0m] Started udev Kernel Device Manager.
[[0;32m  OK  [0m] Started Dispatch Password Requests to Console Directory Watch.
[[0;32m  OK  [0m] Reached target Local File Systems (Pre).
[[0;32m  OK  [0m] Reached target Local File Systems.
         Starting Commit a transient machine-id on disk...
         Starting Set console font and keymap...
         Starting LSB: AppArmor initialization...
         Starting Initial cloud-init job (pre-networking)...
         Starting Create Volatile Files and Directories...
         Starting Tell Plymouth To Write Out Runtime Data...
[[0;32m  OK  [0m] Started Commit a transient machine-id on disk.
[[0;32m  OK  [0m] Started Create Volatile Files and Directories.
         Starting Update UTMP about System Boot/Shutdown...
[[0;32m  OK  [0m] Started Tell Plymouth To Write Out Runtime Data.
[[0;32m  OK  [0m] Started Update UTMP about System Boot/Shutdown.
[[0;32m  OK  [0m] Found device /dev/ttyS0.
[[0;32m  OK  [0m] Listening on Load/Save RF Kill Switch Status /dev/rfkill Watch.
[[0;32m  OK  [0m] Started Set console font and keymap.
[[0;32m  OK  [0m] Created slice system-getty.slice.
[[0;32m  OK  [0m] Started LSB: AppArmor initialization.
[   20.982539] cloud-init[488]: Cloud-init v. 18.3-9-g2e62cb8a-0ubuntu1~16.04.2 running 'init-local' at Mon, 13 Aug 2018 09:14:49 +0000. Up 20.04 seconds.
[[0;32m  OK  [0m] Started Initial cloud-init job (pre-networking).
[[0;32m  OK  [0m] Reached target Network (Pre).
         Starting Raise network interfaces...
[[0;32m  OK  [0m] Started Raise network interfaces.
         Starting Initial cloud-init job (metadata service crawler)...
[[0;32m  OK  [0m] Reached target Network.
[   23.989185] cloud-init[945]: Cloud-init v. 18.3-9-g2e62cb8a-0ubuntu1~16.04.2 running 'init' at Mon, 13 Aug 2018 09:14:52 +0000. Up 22.14 seconds.
[   24.028880] cloud-init[945]: ci-info: ++++++++++++++++++++++++++++++++++++++Net device info+++++++++++++++++++++++++++++++++++++++
[   24.045601] cloud-init[945]: ci-info: +--------+-------+----------------------------+---------------+--------+-------------------+
[   24.063886] cloud-init[945]: ci-info: | Device |   Up  |          Address           |      Mask     | Scope  |     Hw-Address    |
[[0;32m  OK  [0m] Started Initial cloud-init job (metadata service crawler).[   24.072819] cloud-init[945]: ci-info: +--------+-------+----------------------------+---------------+--------+-------------------+
[   24.076218] 
cloud-init[945]: [[0;32m  OK  [0m] Reached target Cloud-config availability.
[[0;32m  OK  [0mci-info: | enp0s3 |  True |         10.0.2.15          | 255.255.255.0 | global | 02:54:ad:ea:60:2e |
[   24.084941] cloud-init[945]: ci-info: | enp0s3 |  True | fe80::54:adff:feea:602e/64 |       .       |  link  | 02:54:ad:ea:60:2e |
[   24.085005] cloud-init[945]: ci-info: | enp0s8 | False |             .              |       .       |   .    | 08:00:27:39:90:d3 |
[   24.085056] cloud-init[945]: ci-info: |   lo   |  True |         127.0.0.1          |   255.0.0.0   |  host  |         .         |
[   24.085103] cloud-init[945]: ci-info: |   lo   |  True |          ::1/128           |       .       |  host  |         .         |
[   24.085150] cloud-init[945]: ci-info: +--------+-------+----------------------------+---------------+--------+-------------------+
[   24.085209] cloud-init[945]: ci-info: +++++++++++++++++++++++++++Route IPv4 info++++++++++++++++++++++++++++
[   24.085257] cloud-init[945]: ci-info: +-------+-------------+----------+---------------+-----------+-------+
[   24.085305] cloud-init[945]: ci-info: | Route | Destination | Gateway  |    Genmask    | Interface | Flags |
[   24.085353] cloud-init[945]: ci-info: +-------+-------------+----------+---------------+-----------+-------+
[   24.085400] cloud-init[945]: ci-info: |   0   |   0.0.0.0   | 10.0.2.2 |    0.0.0.0    |   enp0s3  |   UG  |
[   24.085486] cloud-init[945]: ci-info: |   1   |   10.0.2.0  | 0.0.0.0  | 255.255.255.0 |   enp0s3  |   U   |
[   24.085540] cloud-init[945]: ci-info: +-------+-------------+----------+---------------+-----------+-------+
[   24.085591] cloud-init[945]: ci-info: +++++++++++++++++++Route IPv6 info+++++++++++++++++++
[   24.085645] cloud-init[945]: ci-info: +-------+-------------+---------+-----------+-------+
[   24.085694] cloud-init[945]: ci-info: | Route | Destination | Gateway | Interface | Flags |
[   24.085742] cloud-init[945]: ci-info: +-------+-------------+---------+-----------+-------+
[   24.085791] cloud-init[945]: ci-info: |   0   |  fe80::/64  |    ::   |   enp0s3  |   U   |
[   24.085864] cloud-init[945]: ci-info: |   3   |   ff00::/8  |    ::   |   enp0s3  |   U   |
[   24.085918] cloud-init[945]: ci-info: +-------+-------------+---------+-----------+-------+
[   24.085966] cloud-init[945]: Generating public/private rsa key pair.
[   24.086015] cloud-init[945]: Your identification has been saved in /etc/ssh/ssh_host_rsa_key.
[   24.086062] cloud-init[945]: Your public key has been saved in /etc/ssh/ssh_host_rsa_key.pub.
[   24.086110] cloud-init[945]: The key fingerprint is:
[   24.086159] cloud-init[945]: SHA256:mYXlIt37+2ZdMrbAu2rpxk78udvBRyn8c32jBgklhJU root@ubuntu-xenial
[   24.086207] cloud-init[945]: The key's randomart image is:
[   24.086256] cloud-init[945]: +---[RSA 2048]----+
[   24.086302] cloud-init[945]: |        +oo      |
[   24.086349] cloud-init[945]: |       o E .     |
] Reached target Network is Online.
[   24.096771] cloud-init[945]: |      . + *      |
         Starting iSCSI initiator daemon (iscsid)...
[   24.158383] cloud-init[945]: |       . * ..   .|[[0;32m  OK  [0m] Reached target System Initialization.
         Starting Socket activation for snappy daemon.
[   24.165286] cloud-init[945]: |        S o..o ..|
[   24.167422] cloud-init
[[0;32m  OK  [0m] Listening on UUID daemon activation socket.
[945]: |         . +o.*.o|
[   24.174439] cloud-init[945]: |         .o.o+oO*|
[[0;32m  OK  [0m] Started Daily apt download activities.
[[0;32m  OK  [0m] Started Daily apt upgrade and clean activities.[   24.182300] cloud-init[945]: |         .=..==o*|

[[0;32m  OK  [0m] Started Daily Cleanup of Temporary Directories.
[[0;32m  OK  [0m] Listening on ACPID Listen Socket.
[   24.188231] cloud-init[945]: |         =+.OOo  |
[   24.189885] cloud-init[945]: +----[SHA256]-----+
[   24.191548] cloud-init[945]: Generating public/private dsa key pair.
[   24.195432] cloud-init[945]: Your identification has been saved in /etc/ssh/ssh_host_dsa_key.
[   24.198406] cloud-init[945]: Your public key has been saved in /etc/ssh/ssh_host_dsa_key.pub.
[   24.201399] cloud-init[945]: The key fingerprint is:
[   24.203575] cloud-init[945]: SHA256:fpvmFnfDni54X9dxSCSy184BY8911Lyh3FLukQCzXxQ root@ubuntu-xenial
[   24.206821] cloud-init[945]: The key's randomart image is:
[   24.209548] cloud-init[945]: +---[DSA 1024]----+[[0;32m  OK  [0m] Started ACPI Events Check.
[[0;32m  OK  [0m] Reached target Paths.
[
[   24.217196] cloud-init[945]: |          .o* .E*|
[   24.218816] cloud-init[945]: |           +oX.++|[0;32m  OK  [0m] Reached target Timers.
[[0;32m  OK  [0m] Listening on D-Bus System Message Bus Socket.

[   24.225147] cloud-init[945]: |          ..o %.+|
[   24.227388] cloud-init[945]: |           ..B.O |
[   24.229992] cloud-init[945]: |        S    o*.o|
         Starting LXD - unix socket.
[[0;32m  OK  [0m[   24.232366] cloud-init[945]: |       .  . . +.+|
[   24.238186] cloud-init[945]: |        . .+ o o+|
[   24.239816] ] Listening on Socket activation for snappy daemon.
[[0;32m  OK  [0m] Listening on LXD - unix socket.cloud-init[945]: |         .+oo o..|
[   24.245393] cloud-init[945]: |         ++. +o  |

[   24.252271] cloud-init[945]: +----[SHA256]-----+
[[0;32m  OK  [0m] Reached target Sockets.
[   24.257914] cloud-init[[0;32m  OK  [0m] Reached target Basic System.
[945]: Generating public/private ecdsa key pair.
[   24.266552] cloud-init[945]: Your identification has been saved in /etc/ssh/ssh_host_ecdsa_key.
[   24.271126] cloud-init         Starting Pollinate to seed the pseudo random number generator...
[945]: Your public key has been saved in /etc/ssh/ssh_host_ecdsa_key.pub.
[   24.279961] cloud-init[945]: The key fingerprint is:
         Starting Accounts Service...
         Starting /etc/rc.local Compatibility...
         Starting System Logging Service...
[   24.300021] cloud-init[945]: SHA256:86gM4KGYrS5UjWE/cTLfXPmZlxQnag08f1hUpn/vC4w root@ubuntu-xenial
[   24.310504] cloud-init[945]: The key's randomart image is:
[   24.313388] cloud-init[945]: +---[ECDSA 256]---+
[   24.315598] cloud-init[945]: |           .o .oB|
[   24.317819] cloud-init[945]: |   o + .   oo+ =o|
[   24.320557] cloud-init[945]: |  . = * o . +o*o.|
[   24.323193] cloud-init[945]: |   o + . o . +o+.|
[   24.325854] cloud-init[945]: |  +   . S     ..o|
[   24.329470] cloud-init[945]: |.* o     +  o   o|
[   24.332800] cloud-init[945]: |= o .   . .E o  .|
[   24.334974] cloud-init[945]: |..   o .      .. |
[   24.337223] cloud-init[945]: |+.    o        .o|
[   24.339506] cloud-init[945]:          Starting Snappy daemon...
+----[SHA256]-----+
[[0;32m  OK  [0m] Started Deferred execution scheduler.
[   24.348213] cloud-init[945]: Generating public/private ed25519 key pair.
[   24.354781] cloud-init[945]: Your identification has been saved in /etc/ssh/ssh_host_ed25519_key.
[   24.363611] cloud-init[945]: Your public key has been saved in /etc/ssh/ssh_host_ed25519_key.pub.
[   24.367446] cloud-init[945]: The key fingerprint is:
[   24.370324] cloud-init[945]: SHA256:myke6ItMg/Z8FNmPWSXJ3CWwGctqxhhRVF7pMOc9lBI root@ubuntu-xenial
[   24.374057] cloud-init[945]: The key's randomart image is:
[   24.377458] cloud-init[945]: +--[ED25519 256]--+
[   24.380418] cloud-init[945]: |     .oo+++E+..  |
[   24.383114] cloud-init[945]: |      . oB**.o   |
[   24.387911] cloud-init[945]: |     .o  *O +    |
[   24.390782] cloud-init[945]: |     o+... o o   |
[   24.394498] cloud-init[945]: |     ..=S     .  |
[   24.397390] cloud-init[945]: | .   ooo =       |
[   24.400319] cloud-init[945]: |..o o o +        |
[   24.403120] cloud-init[945]: |.oo+ o o         |
[   24.406030] cloud-init[945]: |  oo+..          |
[   24.408952] cloud-init[945]: +----[SHA256]-----+
[[0;32m  OK  [0m] Started ACPI event daemon.
         Starting LXD - container startup/shutdown...
         Starting LSB: MD monitoring daemon...
         Starting Virtualbox guest utils...
[[0;32m  OK  [0m] Started Unattended Upgrades Shutdown.
[[0;32m  OK  [0m] Started FUSE filesystem for LXC.
[[0;32m  OK  [0m] Started D-Bus System Message Bus.
         Starting Login Service...
[[0;32m  OK  [0m] Started Regular background program processing daemon.
         Starting LSB: Record successful boot for GRUB...
[[0;32m  OK  [0m] Started System Logging Service.
[[0;32m  OK  [0m] Started /etc/rc.local Compatibility.
[[0;32m  OK  [0m] Started iSCSI initiator daemon (iscsid).
         Starting Login to default iSCSI targets...
[[0;32m  OK  [0m] Started Login Service.
[[0;32m  OK  [0m] Started LSB: MD monitoring daemon.
[[0;32m  OK  [0m] Started Login to default iSCSI targets.
[[0;32m  OK  [0m] Reached target Remote File Systems (Pre).
[[0;32m  OK  [0m] Reached target Remote File Systems.
         Starting Permit User Sessions...
         Starting LSB: automatic crash report generation...
         Starting LSB: daemon to balance interrupts for SMP systems...
         Starting LSB: Set the CPU Frequency Scaling governor to "ondemand"...
         Starting Authenticate and Authorize Users to Run Privileged Tasks...
[[0;32m  OK  [0m] Started LSB: Set the CPU Frequency Scaling governor to "ondemand".
[[0;32m  OK  [0m] Started LSB: Record successful boot for GRUB.
[[0;32m  OK  [0m] Started Permit User Sessions.
         Starting Terminate Plymouth Boot Screen...
         Starting Hold until boot process finishes up...
[[0;32m  OK  [0m] Started LSB: automatic crash report generation.
[[0;32m  OK  [0m] Started Terminate Plymouth Boot Screen.
[[0;32m  OK  [0m] Started Hold until boot process finishes up.
[[0;32m  OK  [0m] Started Serial Getty on ttyS0.
[[0;32m  OK  [0m] Started Getty on tty1.
[[0;32m  OK  [0m] Reached target Login Prompts.
         Starting Set console scheme...
[[0;32m  OK  [0m] Started LSB: daemon to balance interrupts for SMP systems.
[[0;32m  OK  [0m] Started Virtualbox guest utils.
[[0;32m  OK  [0m] Started Set console scheme.
[[0;32m  OK  [0m] Started Authenticate and Authorize Users to Run Privileged Tasks.
[[0;32m  OK  [0m] Started Accounts Service.
[[0;32m  OK  [0m] Started Snappy daemon.
         Starting Wait until snapd is fully seeded...
[[0;32m  OK  [0m] Started LXD - container startup/shutdown.

Ubuntu 16.04.5 LTS ubuntu-xenial ttyS0

ubuntu-xenial login: [   43.054555] cloud-init[1528]: Generating locales (this might take a while)...
[   45.139202] cloud-init[1528]:   en_US.UTF-8... done
[   45.140572] cloud-init[1528]: Generation complete.
[   46.649357] cloud-init[1528]: Cloud-init v. 18.3-9-g2e62cb8a-0ubuntu1~16.04.2 running 'modules:config' at Mon, 13 Aug 2018 09:15:12 +0000. Up 42.68 seconds.
ci-info: no authorized ssh keys fingerprints found for user ubuntu.
<14>Aug 13 09:15:17 ec2: 
<14>Aug 13 09:15:17 ec2: #############################################################
<14>Aug 13 09:15:17 ec2: -----BEGIN SSH HOST KEY FINGERPRINTS-----
<14>Aug 13 09:15:17 ec2: 1024 SHA256:fpvmFnfDni54X9dxSCSy184BY8911Lyh3FLukQCzXxQ root@ubuntu-xenial (DSA)
<14>Aug 13 09:15:17 ec2: 256 SHA256:86gM4KGYrS5UjWE/cTLfXPmZlxQnag08f1hUpn/vC4w root@ubuntu-xenial (ECDSA)
<14>Aug 13 09:15:17 ec2: 256 SHA256:myke6ItMg/Z8FNmPWSXJ3CWwGctqxhhRVF7pMOc9lBI root@ubuntu-xenial (ED25519)
<14>Aug 13 09:15:17 ec2: 2048 SHA256:mYXlIt37+2ZdMrbAu2rpxk78udvBRyn8c32jBgklhJU root@ubuntu-xenial (RSA)
<14>Aug 13 09:15:17 ec2: -----END SSH HOST KEY FINGERPRINTS-----
<14>Aug 13 09:15:17 ec2: #############################################################
-----BEGIN SSH HOST KEY KEYS-----
ecdsa-sha2-nistp256 AAAAE2VjZHNhLXNoYTItbmlzdHAyNTYAAAAIbmlzdHAyNTYAAABBBCnwcGJI2xCOsugnR0f1PE945RF0gTp2sZdnDt+3OlJyZFiJGMBve0ZePthCO759IgD9hguPyZVNJDnw1s9ugQA= root@ubuntu-xenial
ssh-ed25519 AAAAC3NzaC1lZDI1NTE5AAAAIHwtIUGXZWupXXLzd76P0Di1OUGsMClzZMPkphhD5C2R root@ubuntu-xenial
ssh-rsa AAAAB3NzaC1yc2EAAAADAQABAAABAQC2g7ou         Stopping Authenticate and Authorize Users to Run Privileged Tasks...
[  OK  ] Closed Load/Save RF Kill Switch Status /dev/rfkill Watch.
         Stopping Session 5 of user vagrant.
         Stopping Session 2 of user vagrant.
         Stopping User Manager for UID 1000...
[  OK  ] Stopped target Timers.
[  OK  ] Stopped Daily Cleanup of Temporary Directories.
[  OK  ] Stopped Daily apt upgrade and clean activities.
[  OK  ] Stopped Daily apt download activities.
         Stopping ACPI event daemon...
[  OK  ] Stopped target Cloud-init target.
[  OK  ] Stopped Execute cloud user/final scripts.
[  OK  ] Stopped Apply the settings specified in cloud-config.
[  OK  ] Stopped target Cloud-config availability.
[  OK  ] Stopped target System Time Synchronized.
[  OK  ] Stopped target Graphical Interface.
[  OK  ] Stopped target Multi-User System.
         Stopping OpenBSD Secure Shell server...
[  OK  ] Stopped target Login Prompts.
         Stopping Getty on tty1...
         Stopping Serial Getty on ttyS0...
         Stopping FUSE filesystem for LXC...
         Stopping Ubuntu FAN network setup...
[  OK  ] Stopped Wait until snapd is fully seeded.
         Stopping kubelet: The Kubernetes Node Agent...
         Stopping Docker Application Container Engine...
         Stopping D-Bus System Message Bus...
         Stopping Snappy daemon...
         Stopping Unattended Upgrades Shutdown...
         Stopping Regular background program processing daemon...
         Stopping LSB: Set up cgroupfs mounts....
         Stopping Deferred execution scheduler...
         Stopping LXD - container startup/shutdown...
         Stopping LSB: Set the CPU Frequency Scaling governor to "ondemand"...
         Stopping System Logging Service...
         Stopping LSB: Record successful boot for GRUB...
         Stopping Accounts Service...
         Stopping LSB: MD monitoring daemon...
         Stopping LSB: automatic crash report generation...
         Stopping vboxadd-service.service...
         Stopping LSB: daemon to balance interrupts for SMP systems...
[  OK  ] Stopped target RPC Port Mapper.
[  OK  ] Unmounted /var/lib/lxcfs.
[  OK  ] Stopped ACPI event daemon.
[  OK  ] Stopped System Logging Service.
[  OK  ] Stopped Deferred execution scheduler.
[  OK  ] Stopped Regular background program processing daemon.
[  OK  ] Stopped Accounts Service.
[  OK  ] Stopped Snappy daemon.
[  OK  ] Stopped Serial Getty on ttyS0.
[  OK  ] Stopped Getty on tty1.
[  OK  ] Stopped Authenticate and Authorize Users to Run Privileged Tasks.
[  OK  ] Stopped OpenBSD Secure Shell server.
[  OK  ] Stopped User Manager for UID 1000.
[  OK  ] Stopped Session 2 of user vagrant.
[  OK  ] Stopped kubelet: The Kubernetes Node Agent.
[  OK  ] Stopped Session 5 of user vagrant.
[  OK  ] Stopped Ubuntu FAN network setup.
[  OK  ] Stopped D-Bus System Message Bus.
[  OK  ] Stopped LSB: Set up cgroupfs mounts..
[  OK  ] Stopped FUSE filesystem for LXC.
[  OK  ] Stopped vboxadd-service.service.
[  OK  ] Unmounted /var/lib/docker/container...36b0fdd8d411fac89786b7a3432/shm.
[  OK  ] Unmounted /var/lib/docker/aufs/mnt/...92ec1801fe0c743fcda1351062494ed.
[  OK  ] Unmounted /var/lib/docker/container...5e62514a62baeb0e6f8f1a8ef71/shm.
[  OK  ] Unmounted /var/lib/docker/aufs/mnt/...20d72b3c83d75a3356ec4a383a3c9ff.
[  OK  ] Unmounted /var/lib/docker/aufs/mnt/...16dd0aadbc86cdc234f9238d53e9351.
[  OK  ] Unmounted /var/lib/docker/container...3c9af564a045c343b6fc78c7166/shm.
[  OK  ] Unmounted /var/lib/docker/aufs/mnt/...ad6e186b083f0ee6eb2c4dc22401e6a.
[  OK  ] Unmounted /var/lib/docker/aufs/mnt/...96c53cd88cc416793dbdcb962de82c0.
[  OK  ] Unmounted /var/lib/docker/container...aab33bc6a45ee0b3153dbe1f621/shm.
[  OK  ] Unmounted /var/lib/docker/container...dfad94b606798b928d577dc8750/shm.
[  OK  ] Unmounted /var/lib/docker/aufs/mnt/...cdf87f91ff28fb0456c55efe9604117.
[  OK  ] Unmounted /var/lib/docker/aufs/mnt/...a8ca4eb58b8433b471f353d91fdaa9e.
[  OK  ] Stopped Unattended Upgrades Shutdown.
[  OK  ] Unmounted /var/lib/docker/aufs/mnt/...af8088ed70f849235eb78f480acfcaf.
[  OK  ] Unmounted /var/lib/docker/aufs/mnt/...bddf5227c72cd2bec58dbce2dc89e32.
[  OK  ] Unmounted /var/lib/docker/container...a39c4443a528768b92410549873/shm.
[  OK  ] Unmounted /var/lib/docker/aufs/mnt/...ebcdab2d7bb6339581585febf8fc20b.
[  OK  ] Unmounted /var/lib/docker/aufs/mnt/...352162bc60809dc1c4908da62eac923.
[  OK  ] Stopped LXD - container startup/shutdown.
[  OK  ] Unmounted /var/lib/docker/aufs/mnt/...e9a8f5c078b59775a1abfde1344d29a.
[  OK  ] Unmounted /var/lib/docker/aufs/mnt/...f10b0afa396252c49ceb747f1b7f578.
[  OK  ] Unmounted /var/lib/docker/aufs.
[  OK  ] Stopped Docker Application Container Engine.
[  OK  ] Stopped LSB: Set the CPU Frequency Scaling governor to "ondemand".
[  OK  ] Stopped LSB: Record successful boot for GRUB.
[  OK  ] Stopped LSB: MD monitoring daemon.
[  OK  ] Stopped LSB: daemon to balance interrupts for SMP systems.
[  OK  ] Stopped LSB: automatic crash report generation.
         Stopping vboxadd.service...
[  OK  ] Removed slice User Slice of vagrant.
         Stopping Login Service...
[  OK  ] Removed slice system-getty.slice.
         Stopping Permit User Sessions...
[  OK  ] Removed slice system-serial\x2dgetty.slice.
[  OK  ] Stopped /etc/rc.local Compatibility.
[  OK  ] Stopped Login Service.
[  OK  ] Stopped Permit User Sessions.
[  OK  ] Stopped target Remote File Systems.
[  OK  ] Stopped target Remote File Systems (Pre).
         Stopping RPC bind portmap service...
         Stopping Login to default iSCSI targets...
[  OK  ] Stopped target User and Group Name Lookups.
[  OK  ] Stopped RPC bind portmap service.
[  OK  ] Unmounted /vagrant.
[  OK  ] Stopped vboxadd.service.
[  OK  ] Stopped target Basic System.
[  OK  ] Stopped target Paths.
[  OK  ] Stopped Forward Password Requests to Wall Directory Watch.
[  OK  ] Stopped ACPI Events Check.
[  OK  ] Stopped Dispatch Password Requests to Console Directory Watch.
[  OK  ] Stopped target Slices.
[  OK  ] Removed slice User and Session Slice.
[  OK  ] Stopped target Sockets.
[  OK  ] Closed Docker Socket for the API.
[  OK  ] Closed RPCbind Server Activation Socket.
[  OK  ] Closed Socket activation for snappy daemon.
[  OK  ] Closed UUID daemon activation socket.
[  OK  ] Closed Syslog Socket.
[  OK  ] Closed ACPID Listen Socket.
[  OK  ] Closed D-Bus System Message Bus Socket.
[  OK  ] Closed LXD - unix socket.
[  OK  ] Stopped target System Initialization.
[  OK  ] Stopped target Encrypted Volumes.
         Stopping Load/Save Random Seed...
         Stopping LSB: ebtables ruleset management...
[  OK  ] Stopped Commit a transient machine-id on disk.
[  OK  ] Stopped target Swap.
[  OK  ] Stopped Create Volatile Files and Directories.
[  OK  ] Stopped Load/Save Random Seed.
[  OK  ] Stopped Login to default iSCSI targets.
         Stopping iSCSI initiator daemon (iscsid)...
[  OK  ] Stopped iSCSI initiator daemon (iscsid).
[  OK  ] Stopped target Network is Online.
[  OK  ] Stopped Initial cloud-init job (metadata service crawler).
[  OK  ] Stopped target Network.
         Stopping Raise network interfaces...
[  OK  ] Stopped LSB: ebtables ruleset management.
[  OK  ] Stopped Raise network interfaces.
[  OK  ] Stopped target Local File Systems.
         Unmounting /var/lib/kubelet/pods/4a...secret/kube-proxy-token-4w9v7...
         Unmounting /run/user/1000...
         Unmounting /var/lib/kubelet/pods/70...~secret/weave-net-token-9cwnl...
         Unmounting /run/docker/netns/default...
[  OK  ] Stopped target Network (Pre).
[  OK  ] Stopped Initial cloud-init job (pre-networking).
[  OK  ] Stopped Apply Kernel Variables.
[  OK  ] Stopped Load Kernel Modules.
[  OK  ] Unmounted /var/lib/kubelet/pods/4af...o~secret/kube-proxy-token-4w9v7.
[  OK  ] Unmounted /run/user/1000.
[  OK  ] Unmounted /var/lib/kubelet/pods/70c...io~secret/weave-net-token-9cwnl.
[  OK  ] Unmounted /run/docker/netns/default.
[  OK  ] Reached target Unmount All Filesystems.
[  OK  ] Stopped target Local File Systems (Pre).
         Stopping Monitoring of LVM2 mirrors... dmeventd or progress polling...
[  OK  ] Stopped Create Static Device Nodes in /dev.
[  OK  ] Stopped Remount Root and Kernel File Systems.
[  OK  ] Reached target Shutdown.
[ 4257.332536] reboot: Power down
